<?xml version="1.0" encoding="UTF-8"?>
<testsuite xmlns:xsi="http://www.w3.org/2001/XMLSchema-instance" xsi:noNamespaceSchemaLocation="https://maven.apache.org/surefire/maven-surefire-plugin/xsd/surefire-test-report-3.0.xsd" version="3.0" name="ie.gmit.ProductsTest" time="0.008" tests="5" errors="0" skipped="0" failures="0">
  <properties>
[...]
</properties>
  <testcase name="testConstructorPriceFail" classname="ie.gmit.ProductsTest" time="0.001"/>
  <testcase name="testItemCreateSuccess" classname="ie.gmit.ProductsTest" time="0.001"/>
  <testcase name="testConstructorProductIDFail" classname="ie.gmit.ProductsTest" time="0.001"/>
  <testcase name="testConstructorQuantityFail" classname="ie.gmit.ProductsTest" time="0"/>
  <testcase name="testConstructorNameFail" classname="ie.gmit.ProductsTest" time="0.001"/>
</testsuite>